\BOOKMARK [0][-]{chapter.1}{\376\377\173\054\116\000\172\340\000\040\000\040\151\202\163\207\213\272\116\016\145\160\164\006\176\337\213\241}{}% 1
\BOOKMARK [1][-]{section.1.1}{\376\377\0001\000.\0001\000\040\226\217\147\072\116\213\116\366\116\016\151\202\163\207}{chapter.1}% 2
\BOOKMARK [2][-]{subsection.1.1.1}{\376\377\0001\000.\0001\000.\0001\000\040\226\217\147\072\116\213\116\366}{section.1.1}% 3
\BOOKMARK [2][-]{subsection.1.1.2}{\376\377\0001\000.\0001\000.\0002\000\040\151\202\163\207}{section.1.1}% 4
\BOOKMARK [2][-]{subsection.1.1.3}{\376\377\0001\000.\0001\000.\0003\000\040\151\202\163\207\166\204\140\047\215\050}{section.1.1}% 5
\BOOKMARK [2][-]{subsection.1.1.4}{\376\377\0001\000.\0001\000.\0004\000\040\147\141\116\366\151\202\163\207}{section.1.1}% 6
\BOOKMARK [1][-]{section.1.2}{\376\377\0001\000.\0002\000\040\226\217\147\072\123\330\221\317\123\312\121\166\122\006\136\003}{chapter.1}% 7
\BOOKMARK [2][-]{subsection.1.2.1}{\376\377\0001\000.\0002\000.\0001\000\040\226\217\147\072\123\330\221\317}{section.1.2}% 8
\BOOKMARK [2][-]{subsection.1.2.2}{\376\377\0001\000.\0002\000.\0002\000\040\136\070\165\050\122\006\136\003\123\312\151\202\163\207\133\306\136\246\121\375\145\160}{section.1.2}% 9
\BOOKMARK [2][-]{subsection.1.2.3}{\376\377\0001\000.\0002\000.\0003\000\040\145\160\133\127\162\171\137\201}{section.1.2}% 10
\BOOKMARK [2][-]{subsection.1.2.4}{\376\377\0001\000.\0002\000.\0004\000\040\226\217\147\072\123\330\221\317\121\375\145\160\166\204\122\006\136\003}{section.1.2}% 11
\BOOKMARK [1][-]{section.1.3}{\376\377\0001\000.\0003\000\040\131\032\121\103\226\217\147\072\123\330\221\317\123\312\121\166\122\006\136\003}{chapter.1}% 12
\BOOKMARK [2][-]{subsection.1.3.1}{\376\377\0001\000.\0003\000.\0001\000\040\131\032\121\103\226\217\147\072\123\330\221\317}{section.1.3}% 13
\BOOKMARK [2][-]{subsection.1.3.2}{\376\377\0001\000.\0003\000.\0002\000\040\217\271\177\030\122\006\136\003}{section.1.3}% 14
\BOOKMARK [2][-]{subsection.1.3.3}{\376\377\0001\000.\0003\000.\0003\000\040\131\032\121\103\226\217\147\072\123\330\221\317\121\375\145\160\166\204\122\006\136\003}{section.1.3}% 15
\BOOKMARK [2][-]{subsection.1.3.4}{\376\377\0001\000.\0003\000.\0004\000\040\131\032\121\103\226\217\147\072\123\330\221\317\166\204\162\171\137\201\145\160}{section.1.3}% 16
\BOOKMARK [2][-]{subsection.1.3.5}{\376\377\0001\000.\0003\000.\0005\000\040\147\141\116\366\122\006\136\003\116\016\147\141\116\366\147\037\147\033}{section.1.3}% 17
\BOOKMARK [1][-]{section.1.4}{\376\377\0001\000.\0004\000\040\131\047\145\160\133\232\137\213\124\214\116\055\137\303\147\201\226\120\133\232\164\006}{chapter.1}% 18
\BOOKMARK [2][-]{subsection.1.4.1}{\376\377\0001\000.\0004\000.\0001\000\040\226\217\147\072\123\330\221\317\166\204\162\171\137\201\121\375\145\160}{section.1.4}% 19
\BOOKMARK [2][-]{subsection.1.4.2}{\376\377\0001\000.\0004\000.\0002\000\040\131\047\145\160\133\232\137\213}{section.1.4}% 20
\BOOKMARK [2][-]{subsection.1.4.3}{\376\377\0001\000.\0004\000.\0003\000\040\116\055\137\303\147\201\226\120\133\232\164\006}{section.1.4}% 21
\BOOKMARK [1][-]{section.1.5}{\376\377\0001\000.\0005\000\040\145\160\164\006\176\337\213\241\127\372\147\054\151\202\137\365}{chapter.1}% 22
\BOOKMARK [2][-]{subsection.1.5.1}{\376\377\0001\000.\0005\000.\0001\000\040\176\337\213\241\133\146\127\372\147\054\140\035\140\363}{section.1.5}% 23
\BOOKMARK [2][-]{subsection.1.5.2}{\376\377\0001\000.\0005\000.\0002\000\040\136\070\165\050\176\337\213\241\221\317}{section.1.5}% 24
\BOOKMARK [2][-]{subsection.1.5.3}{\376\377\0001\000.\0005\000.\0003\000\040\142\275\150\067\122\006\136\003}{section.1.5}% 25
\BOOKMARK [2][-]{subsection.1.5.4}{\376\377\0001\000.\0005\000.\0004\000\040\122\051\165\050\142\275\150\067\122\006\136\003\176\337\213\241\143\250\145\255}{section.1.5}% 26
\BOOKMARK [2][-]{subsection.1.5.5}{\376\377\0001\000.\0005\000.\0005\000\040\121\105\122\006\176\337\213\241\221\317}{section.1.5}% 27
\BOOKMARK [1][-]{section.1.6}{\376\377\0001\000.\0006\000\040\123\302\145\160\117\060\213\241}{chapter.1}% 28
\BOOKMARK [2][-]{subsection.1.6.1}{\376\377\0001\000.\0006\000.\0001\000\040\167\351\117\060\213\241}{section.1.6}% 29
\BOOKMARK [2][-]{subsection.1.6.2}{\376\377\0001\000.\0006\000.\0002\000\040\147\000\131\047\117\074\161\066\117\060\213\241}{section.1.6}% 30
\BOOKMARK [2][-]{subsection.1.6.3}{\376\377\0001\000.\0006\000.\0003\000\040\160\271\117\060\213\241\166\204\213\304\116\367\150\007\121\306}{section.1.6}% 31
\BOOKMARK [2][-]{subsection.1.6.4}{\376\377\0001\000.\0006\000.\0004\000\040\215\035\123\366\145\257\117\060\213\241}{section.1.6}% 32
\BOOKMARK [2][-]{subsection.1.6.5}{\376\377\0001\000.\0006\000.\0005\000\040\123\072\225\364\117\060\213\241}{section.1.6}% 33
\BOOKMARK [1][-]{section.1.7}{\376\377\0001\000.\0007\000\040\120\107\213\276\150\300\232\214}{chapter.1}% 34
\BOOKMARK [2][-]{subsection.1.7.1}{\376\377\0001\000.\0007\000.\0001\000\040\127\372\147\054\140\035\140\363}{section.1.7}% 35
\BOOKMARK [2][-]{subsection.1.7.2}{\376\377\0001\000.\0007\000.\0002\000\040\153\143\140\001\140\073\117\123\120\107\213\276\150\300\232\214}{section.1.7}% 36
\BOOKMARK [2][-]{subsection.1.7.3}{\376\377\0001\000.\0007\000.\0003\000\040\136\177\116\111\117\074\161\066\153\324\150\300\232\214}{section.1.7}% 37
\BOOKMARK [2][-]{subsection.1.7.4}{\376\377\0001\000.\0007\000.\0004\000\040\142\337\124\010\117\030\136\246\150\300\232\214}{section.1.7}% 38
\BOOKMARK [2][-]{subsection.1.7.5}{\376\377\0001\000.\0007\000.\0005\000\040\153\143\140\001\140\047\150\300\232\214}{section.1.7}% 39
\BOOKMARK [2][-]{subsection.1.7.6}{\376\377\0001\000.\0007\000.\0006\000\040\156\070\172\013\150\300\232\214}{section.1.7}% 40
\BOOKMARK [1][-]{section.1.8}{\376\377\0001\000.\0008\000\040\145\271\135\356\122\006\147\220}{chapter.1}% 41
\BOOKMARK [2][-]{subsection.1.8.1}{\376\377\0001\000.\0008\000.\0001\000\040\127\372\147\054\140\035\140\363}{section.1.8}% 42
\BOOKMARK [2][-]{subsection.1.8.2}{\376\377\0001\000.\0008\000.\0002\000\040\123\125\126\340\175\040\145\271\135\356\122\006\147\220}{section.1.8}% 43
\BOOKMARK [2][-]{subsection.1.8.3}{\376\377\0001\000.\0008\000.\0003\000\040\145\271\135\356\237\120\140\047\150\300\232\214}{section.1.8}% 44
\BOOKMARK [1][-]{section.1.9}{\376\377\0001\000.\0009\000\040\126\336\137\122\122\006\147\220}{chapter.1}% 45
\BOOKMARK [2][-]{subsection.1.9.1}{\376\377\0001\000.\0009\000.\0001\000\040\127\372\147\054\140\035\140\363}{section.1.9}% 46
\BOOKMARK [2][-]{subsection.1.9.2}{\376\377\0001\000.\0009\000.\0002\000\040\126\336\137\122\174\373\145\160\166\204\147\000\134\017\116\214\116\130\117\060\213\241}{section.1.9}% 47
\BOOKMARK [2][-]{subsection.1.9.3}{\376\377\0001\000.\0009\000.\0003\000\040\123\072\225\364\117\060\213\241\116\016\230\204\155\113}{section.1.9}% 48
\BOOKMARK [2][-]{subsection.1.9.4}{\376\377\0001\000.\0009\000.\0004\000\040\146\076\204\127\140\047\150\300\232\214}{section.1.9}% 49
\BOOKMARK [2][-]{subsection.1.9.5}{\376\377\0001\000.\0009\000.\0005\000\040\131\032\121\103\176\277\140\047\126\336\137\122}{section.1.9}% 50
\BOOKMARK [2][-]{subsection.1.9.6}{\376\377\0001\000.\0009\000.\0006\000\040\227\136\176\277\140\047\126\336\137\122}{section.1.9}% 51
